[debug] [2021-03-08T22:33:33.318Z] ----------------------------------------------------------------------
[debug] [2021-03-08T22:33:33.320Z] Command:       /usr/local/bin/node /usr/local/bin/firebase init
[debug] [2021-03-08T22:33:33.321Z] CLI Version:   9.6.0
[debug] [2021-03-08T22:33:33.321Z] Platform:      darwin
[debug] [2021-03-08T22:33:33.321Z] Node Version:  v14.16.0
[debug] [2021-03-08T22:33:33.322Z] Time:          Tue Mar 09 2021 00:33:33 GMT+0200 (Eastern European Standard Time)
[debug] [2021-03-08T22:33:33.322Z] ----------------------------------------------------------------------
[debug] [2021-03-08T22:33:33.322Z] 
[debug] [2021-03-08T22:33:33.327Z] > command requires scopes: ["email","openid","https://www.googleapis.com/auth/cloudplatformprojects.readonly","https://www.googleapis.com/auth/firebase","https://www.googleapis.com/auth/cloud-platform"]
[debug] [2021-03-08T22:33:33.328Z] > authorizing via signed-in user
[info] 
     ######## #### ########  ######## ########     ###     ######  ########
     ##        ##  ##     ## ##       ##     ##  ##   ##  ##       ##
     ######    ##  ########  ######   ########  #########  ######  ######
     ##        ##  ##    ##  ##       ##     ## ##     ##       ## ##
     ##       #### ##     ## ######## ########  ##     ##  ######  ########

You're about to initialize a Firebase project in this directory:

  /Users/mac/Sites/bonyk

[info] 
=== Project Setup
[info] 
[info] First, let's associate this project directory with a Firebase project.
[info] You can create multiple project aliases by running firebase use --add, 
[info] but for now we'll just set up a default project.
[info] 
[debug] [2021-03-08T22:34:01.904Z] >>> [apiv2][query] GET https://firebase.googleapis.com/v1beta1/projects pageSize=100
[debug] [2021-03-08T22:34:02.526Z] <<< [apiv2][status] GET https://firebase.googleapis.com/v1beta1/projects 200
[debug] [2021-03-08T22:34:02.526Z] <<< [apiv2][body] GET https://firebase.googleapis.com/v1beta1/projects [omitted]
[info] i  Using project bonyk-crm (bonyk-crm) 
[info] 
=== Hosting Setup
[info] 
[info] Your public directory is the folder (relative to your project directory) that
[info] will contain Hosting assets to be uploaded with firebase deploy. If you
[info] have a build process for your assets, use your build's output directory.
[info] 
[debug] [2021-03-08T22:35:00.233Z] >>> [apiv2][query] GET https://www.gstatic.com/firebasejs/releases.json [none]
[debug] [2021-03-08T22:35:00.367Z] <<< [apiv2][status] GET https://www.gstatic.com/firebasejs/releases.json 200
[debug] [2021-03-08T22:35:00.367Z] <<< [apiv2][body] GET https://www.gstatic.com/firebasejs/releases.json {"current":{"version":"8.2.10","browserURL":"https://www.gstatic.com/firebasejs/8.2.10/firebase.js","packageURL":"https://www.gstatic.com/firebasejs/8.2.10/firebase.tgz"},"live":{"version":"8.2","browserURL":"https://www.gstatic.com/firebasejs/live/8.2/firebase.js","packageURL":"https://www.gstatic.com/firebasejs/live/8.2/firebase.tgz"},"components":{"analytics":"https://www.gstatic.com/firebasejs/8.2.10/firebase-analytics.js","app":"https://www.gstatic.com/firebasejs/8.2.10/firebase-app.js","auth":"https://www.gstatic.com/firebasejs/8.2.10/firebase-auth.js","database":"https://www.gstatic.com/firebasejs/8.2.10/firebase-database.js","firestore":"https://www.gstatic.com/firebasejs/8.2.10/firebase-firestore.js","functions":"https://www.gstatic.com/firebasejs/8.2.10/firebase-functions.js","installations":"https://www.gstatic.com/firebasejs/8.2.10/firebase-installations.js","messaging":"https://www.gstatic.com/firebasejs/8.2.10/firebase-messaging.js","storage":"https://www.gstatic.com/firebasejs/8.2.10/firebase-storage.js","performance":"https://www.gstatic.com/firebasejs/8.2.10/firebase-performance.js","remote-config":"https://www.gstatic.com/firebasejs/8.2.10/firebase-remote-config.js","firestore.memory":"https://www.gstatic.com/firebasejs/8.2.10/firebase-firestore.memory.js"}}
[info] ✔  Wrote dist/index.html 
[info] 
[info] i  Detected a .git folder at /Users/mac/Sites/bonyk 
[info] i  Authorizing with GitHub to upload your service account to a GitHub repository's secrets store. 
[info] 
[info] Visit this URL on this device to log in:
[info] https://github.com/login/oauth/authorize?client_id=89cf50f02ac6aaed3484&state=797669777&redirect_uri=http%3A%2F%2Flocalhost%3A9005&scope=read%3Auser%20repo%20public_repo
[info] 
[info] Waiting for authentication...
[debug] [2021-03-08T22:35:15.799Z] >>> HTTP REQUEST POST https://github.com/login/oauth/access_token  
 {"client_id":"89cf50f02ac6aaed3484","client_secret":"3330d14abc895d9a74d5f17cd7a00711fa2c5bf0","code":"ac7850165d1e69837690","redirect_uri":"http://localhost:9005","state":"797669777"}
[debug] [2021-03-08T22:35:16.267Z] <<< HTTP RESPONSE 200 {"server":"GitHub.com","date":"Mon, 08 Mar 2021 22:35:16 GMT","content-type":"application/json; charset=utf-8","transfer-encoding":"chunked","vary":"X-PJAX, Accept-Encoding, Accept, X-Requested-With","etag":"W/\"12dd5417d37aa4c7496f59c539910d27\"","cache-control":"max-age=0, private, must-revalidate","strict-transport-security":"max-age=31536000; includeSubdomains; preload","x-frame-options":"deny","x-content-type-options":"nosniff","x-xss-protection":"1; mode=block","referrer-policy":"origin-when-cross-origin, strict-origin-when-cross-origin","expect-ct":"max-age=2592000, report-uri=\"https://api.github.com/_private/browser/errors\"","content-security-policy":"default-src 'none'; base-uri 'self'; block-all-mixed-content; connect-src 'self' uploads.github.com www.githubstatus.com collector.githubapp.com api.github.com github-cloud.s3.amazonaws.com github-production-repository-file-5c1aeb.s3.amazonaws.com github-production-upload-manifest-file-7fdce7.s3.amazonaws.com github-production-user-asset-6210df.s3.amazonaws.com cdn.optimizely.com logx.optimizely.com/v1/events wss://alive.github.com; font-src github.githubassets.com; form-action 'self' github.com gist.github.com; frame-ancestors 'none'; frame-src render.githubusercontent.com; img-src 'self' data: github.githubassets.com identicons.github.com collector.githubapp.com github-cloud.s3.amazonaws.com secured-user-images.githubusercontent.com/ *.githubusercontent.com; manifest-src 'self'; media-src 'none'; script-src github.githubassets.com; style-src 'unsafe-inline' github.githubassets.com; worker-src github.com/socket-worker-5029ae85.js gist.github.com/socket-worker-5029ae85.js","x-github-request-id":"FC39:4909:209693C:31C5E2F:6046A6A4"}
[debug] [2021-03-08T22:35:16.272Z] >>> [apiv2][query] GET https://api.github.com/user [none]
[debug] [2021-03-08T22:35:16.757Z] <<< [apiv2][status] GET https://api.github.com/user 200
[debug] [2021-03-08T22:35:16.757Z] <<< [apiv2][body] GET https://api.github.com/user {"login":"kochhh","id":483515,"node_id":"MDQ6VXNlcjQ4MzUxNQ==","avatar_url":"https://avatars.githubusercontent.com/u/483515?v=4","gravatar_id":"","url":"https://api.github.com/users/kochhh","html_url":"https://github.com/kochhh","followers_url":"https://api.github.com/users/kochhh/followers","following_url":"https://api.github.com/users/kochhh/following{/other_user}","gists_url":"https://api.github.com/users/kochhh/gists{/gist_id}","starred_url":"https://api.github.com/users/kochhh/starred{/owner}{/repo}","subscriptions_url":"https://api.github.com/users/kochhh/subscriptions","organizations_url":"https://api.github.com/users/kochhh/orgs","repos_url":"https://api.github.com/users/kochhh/repos","events_url":"https://api.github.com/users/kochhh/events{/privacy}","received_events_url":"https://api.github.com/users/kochhh/received_events","type":"User","site_admin":false,"name":"Konstantin Kochurov","company":null,"blog":"","location":"Odessa, Ukraine","email":null,"hireable":null,"bio":null,"twitter_username":null,"public_repos":17,"public_gists":0,"followers":2,"following":3,"created_at":"2010-11-16T08:49:56Z","updated_at":"2021-03-08T22:35:15Z","private_gists":0,"total_private_repos":7,"owned_private_repos":7,"disk_usage":31890,"collaborators":0,"two_factor_authentication":true,"plan":{"name":"free","space":976562499,"collaborators":0,"private_repos":10000}}
[info] 
[info] ✔  Success! Logged into GitHub as kochhh 
[info] 
[debug] [2021-03-08T22:35:40.177Z] >>> [apiv2][query] GET https://api.github.com/repos/kochhh/bonyk/actions/secrets/public-key type=owner
[debug] [2021-03-08T22:35:40.636Z] <<< [apiv2][status] GET https://api.github.com/repos/kochhh/bonyk/actions/secrets/public-key 200
[debug] [2021-03-08T22:35:40.636Z] <<< [apiv2][body] GET https://api.github.com/repos/kochhh/bonyk/actions/secrets/public-key {"key_id":"568250167242549743","key":"146pAdbqVLmFeh1jDjh7GIralBRP31PTRz6pyel+ygE="}
[debug] [2021-03-08T22:35:40.637Z] >>> [apiv2][query] GET https://api.github.com/repos/kochhh/bonyk [none]
[debug] [2021-03-08T22:35:41.122Z] <<< [apiv2][status] GET https://api.github.com/repos/kochhh/bonyk 200
[debug] [2021-03-08T22:35:41.122Z] <<< [apiv2][body] GET https://api.github.com/repos/kochhh/bonyk {"id":345331897,"node_id":"MDEwOlJlcG9zaXRvcnkzNDUzMzE4OTc=","name":"bonyk","full_name":"kochhh/bonyk","private":false,"owner":{"login":"kochhh","id":483515,"node_id":"MDQ6VXNlcjQ4MzUxNQ==","avatar_url":"https://avatars.githubusercontent.com/u/483515?v=4","gravatar_id":"","url":"https://api.github.com/users/kochhh","html_url":"https://github.com/kochhh","followers_url":"https://api.github.com/users/kochhh/followers","following_url":"https://api.github.com/users/kochhh/following{/other_user}","gists_url":"https://api.github.com/users/kochhh/gists{/gist_id}","starred_url":"https://api.github.com/users/kochhh/starred{/owner}{/repo}","subscriptions_url":"https://api.github.com/users/kochhh/subscriptions","organizations_url":"https://api.github.com/users/kochhh/orgs","repos_url":"https://api.github.com/users/kochhh/repos","events_url":"https://api.github.com/users/kochhh/events{/privacy}","received_events_url":"https://api.github.com/users/kochhh/received_events","type":"User","site_admin":false},"html_url":"https://github.com/kochhh/bonyk","description":null,"fork":false,"url":"https://api.github.com/repos/kochhh/bonyk","forks_url":"https://api.github.com/repos/kochhh/bonyk/forks","keys_url":"https://api.github.com/repos/kochhh/bonyk/keys{/key_id}","collaborators_url":"https://api.github.com/repos/kochhh/bonyk/collaborators{/collaborator}","teams_url":"https://api.github.com/repos/kochhh/bonyk/teams","hooks_url":"https://api.github.com/repos/kochhh/bonyk/hooks","issue_events_url":"https://api.github.com/repos/kochhh/bonyk/issues/events{/number}","events_url":"https://api.github.com/repos/kochhh/bonyk/events","assignees_url":"https://api.github.com/repos/kochhh/bonyk/assignees{/user}","branches_url":"https://api.github.com/repos/kochhh/bonyk/branches{/branch}","tags_url":"https://api.github.com/repos/kochhh/bonyk/tags","blobs_url":"https://api.github.com/repos/kochhh/bonyk/git/blobs{/sha}","git_tags_url":"https://api.github.com/repos/kochhh/bonyk/git/tags{/sha}","git_refs_url":"https://api.github.com/repos/kochhh/bonyk/git/refs{/sha}","trees_url":"https://api.github.com/repos/kochhh/bonyk/git/trees{/sha}","statuses_url":"https://api.github.com/repos/kochhh/bonyk/statuses/{sha}","languages_url":"https://api.github.com/repos/kochhh/bonyk/languages","stargazers_url":"https://api.github.com/repos/kochhh/bonyk/stargazers","contributors_url":"https://api.github.com/repos/kochhh/bonyk/contributors","subscribers_url":"https://api.github.com/repos/kochhh/bonyk/subscribers","subscription_url":"https://api.github.com/repos/kochhh/bonyk/subscription","commits_url":"https://api.github.com/repos/kochhh/bonyk/commits{/sha}","git_commits_url":"https://api.github.com/repos/kochhh/bonyk/git/commits{/sha}","comments_url":"https://api.github.com/repos/kochhh/bonyk/comments{/number}","issue_comment_url":"https://api.github.com/repos/kochhh/bonyk/issues/comments{/number}","contents_url":"https://api.github.com/repos/kochhh/bonyk/contents/{+path}","compare_url":"https://api.github.com/repos/kochhh/bonyk/compare/{base}...{head}","merges_url":"https://api.github.com/repos/kochhh/bonyk/merges","archive_url":"https://api.github.com/repos/kochhh/bonyk/{archive_format}{/ref}","downloads_url":"https://api.github.com/repos/kochhh/bonyk/downloads","issues_url":"https://api.github.com/repos/kochhh/bonyk/issues{/number}","pulls_url":"https://api.github.com/repos/kochhh/bonyk/pulls{/number}","milestones_url":"https://api.github.com/repos/kochhh/bonyk/milestones{/number}","notifications_url":"https://api.github.com/repos/kochhh/bonyk/notifications{?since,all,participating}","labels_url":"https://api.github.com/repos/kochhh/bonyk/labels{/name}","releases_url":"https://api.github.com/repos/kochhh/bonyk/releases{/id}","deployments_url":"https://api.github.com/repos/kochhh/bonyk/deployments","created_at":"2021-03-07T11:44:14Z","updated_at":"2021-03-07T11:44:14Z","pushed_at":"2021-03-07T11:44:15Z","git_url":"git://github.com/kochhh/bonyk.git","ssh_url":"git@github.com:kochhh/bonyk.git","clone_url":"https://github.com/kochhh/bonyk.git","svn_url":"https://github.com/kochhh/bonyk","homepage":null,"size":0,"stargazers_count":0,"watchers_count":0,"language":null,"has_issues":true,"has_projects":true,"has_downloads":true,"has_wiki":true,"has_pages":false,"forks_count":0,"mirror_url":null,"archived":false,"disabled":false,"open_issues_count":0,"license":null,"forks":0,"open_issues":0,"watchers":0,"default_branch":"main","permissions":{"admin":true,"push":true,"pull":true},"temp_clone_token":"","allow_squash_merge":true,"allow_merge_commit":true,"allow_rebase_merge":true,"delete_branch_on_merge":false,"network_count":0,"subscribers_count":1}
[debug] [2021-03-08T22:35:41.124Z] > refreshing access token with scopes: ["email","https://www.googleapis.com/auth/cloud-platform","https://www.googleapis.com/auth/cloudplatformprojects.readonly","https://www.googleapis.com/auth/firebase","openid"]
[debug] [2021-03-08T22:35:41.125Z] >>> HTTP REQUEST POST https://www.googleapis.com/oauth2/v3/token  
 <request body omitted>
[debug] [2021-03-08T22:35:41.300Z] <<< HTTP RESPONSE 200 {"pragma":"no-cache","cache-control":"no-cache, no-store, max-age=0, must-revalidate","date":"Mon, 08 Mar 2021 22:35:41 GMT","expires":"Mon, 01 Jan 1990 00:00:00 GMT","content-type":"application/json; charset=utf-8","vary":"X-Origin, Referer, Origin,Accept-Encoding","server":"scaffolding on HTTPServer2","x-xss-protection":"0","x-frame-options":"SAMEORIGIN","x-content-type-options":"nosniff","alt-svc":"h3-29=\":443\"; ma=2592000,h3-T051=\":443\"; ma=2592000,h3-Q050=\":443\"; ma=2592000,h3-Q046=\":443\"; ma=2592000,h3-Q043=\":443\"; ma=2592000,quic=\":443\"; ma=2592000; v=\"46,43\"","accept-ranges":"none","transfer-encoding":"chunked"}
[debug] [2021-03-08T22:35:41.317Z] >>> HTTP REQUEST POST https://iam.googleapis.com/v1/projects/bonyk-crm/serviceAccounts  
 {"accountId":"github-action-345331897","serviceAccount":{"displayName":"GitHub Actions (kochhh/bonyk)","description":"A service account with permission to deploy to Firebase Hosting for the GitHub repository kochhh/bonyk"}}
[debug] [2021-03-08T22:35:42.292Z] <<< HTTP RESPONSE 200 {"content-type":"application/json; charset=UTF-8","vary":"X-Origin, Referer, Origin,Accept-Encoding","date":"Mon, 08 Mar 2021 22:35:42 GMT","server":"ESF","cache-control":"private","x-xss-protection":"0","x-frame-options":"SAMEORIGIN","x-content-type-options":"nosniff","alt-svc":"h3-29=\":443\"; ma=2592000,h3-T051=\":443\"; ma=2592000,h3-Q050=\":443\"; ma=2592000,h3-Q046=\":443\"; ma=2592000,h3-Q043=\":443\"; ma=2592000,quic=\":443\"; ma=2592000; v=\"46,43\"","accept-ranges":"none","transfer-encoding":"chunked"}
[debug] [2021-03-08T22:35:42.293Z] >>> HTTP REQUEST GET https://iam.googleapis.com/v1/projects/bonyk-crm/serviceAccounts/github-action-345331897@bonyk-crm.iam.gserviceaccount.com  
 
[debug] [2021-03-08T22:35:42.294Z] >>> HTTP REQUEST POST https://cloudresourcemanager.googleapis.com/v1/projects/bonyk-crm:getIamPolicy  
 
[debug] [2021-03-08T22:35:42.302Z] Error: getaddrinfo ENOTFOUND iam.googleapis.com
    at GetAddrInfoReqWrap.onlookup [as oncomplete] (dns.js:67:26)
[error] 
[error] Error: Server Error. getaddrinfo ENOTFOUND iam.googleapis.com
